<?xml version="1.0" encoding="UTF-8"?>
<!-- Generated by org.testng.reporters.JUnitReportReporter -->
<testsuite skipped="1" hostname="HP-PC" name="week5day1.FrameworkEditLead" tests="1" failures="0" timestamp="28 Jul 2018 05:39:19 GMT" time="0.000" errors="0">
  <testcase name="EditLeads" time="0.000" classname="week5day1.FrameworkEditLead">
    <skipped/>
  </testcase> <!-- EditLeads -->
</testsuite> <!-- week5day1.FrameworkEditLead -->
