<?xml version="1.0" encoding="UTF-8"?>
<!-- Generated by org.testng.reporters.JUnitReportReporter -->
<testsuite skipped="1" hostname="HP-PC" name="week5day1.Frameworkdeletelead" tests="1" failures="0" timestamp="28 Jul 2018 05:39:19 GMT" time="0.000" errors="0">
  <testcase name="deletelead" time="0.000" classname="week5day1.Frameworkdeletelead">
    <skipped/>
  </testcase> <!-- deletelead -->
</testsuite> <!-- week5day1.Frameworkdeletelead -->
