<?xml version="1.0" encoding="UTF-8"?>
<!-- Generated by org.testng.reporters.JUnitReportReporter -->
<testsuite skipped="0" hostname="HP-PC" name="util.CreateLead" tests="1" failures="0" timestamp="26 Jul 2018 20:32:03 GMT" time="22.300" errors="0">
  <testcase name="createLead" time="22.300" classname="util.CreateLead"/>
</testsuite> <!-- util.CreateLead -->
