<?xml version="1.0" encoding="UTF-8"?>
<!-- Generated by org.testng.reporters.JUnitReportReporter -->
<testsuite skipped="0" hostname="HP-PC" name="testcases.TC_001_CreateLead" tests="2" failures="0" timestamp="11 Aug 2018 11:04:57 GMT" time="66.173" errors="0">
  <testcase name="createLead" time="34.697" classname="testcases.TC_001_CreateLead"/>
  <testcase name="createLead" time="31.476" classname="testcases.TC_001_CreateLead"/>
</testsuite> <!-- testcases.TC_001_CreateLead -->
